<?xml version="1.0" encoding="UTF-8"?>
<testsuite name="assignment.controller.DayMovingAverageControllerTest" tests="7" skipped="0" failures="0" errors="0" timestamp="2016-11-07T01:14:32" hostname="xuan-PC" time="0.123">
  <properties/>
  <testcase name="testGetDayMovingAverageListWithInvalidStartDate" classname="assignment.controller.DayMovingAverageControllerTest" time="0.01"/>
  <testcase name="testGetDayMovingAverageList" classname="assignment.controller.DayMovingAverageControllerTest" time="0.013"/>
  <testcase name="testGet200DMAHavingSuggestedStartDateInErrorMessage" classname="assignment.controller.DayMovingAverageControllerTest" time="0.023"/>
  <testcase name="testGetDayMovingAverageListWithTwoTicker" classname="assignment.controller.DayMovingAverageControllerTest" time="0.009"/>
  <testcase name="testGet200DMANormally" classname="assignment.controller.DayMovingAverageControllerTest" time="0.01"/>
  <testcase name="testGet200DMAInvalidTicker" classname="assignment.controller.DayMovingAverageControllerTest" time="0.016"/>
  <testcase name="testGet200DMAInvalidStartDate" classname="assignment.controller.DayMovingAverageControllerTest" time="0.02"/>
  <system-out><![CDATA[2016-11-07 08:14:30.378  INFO 11708 --- [    Test worker] .b.t.c.SpringBootTestContextBootstrapper : Neither @ContextConfiguration nor @ContextHierarchy found for test class [assignment.controller.DayMovingAverageControllerTest], using SpringBootContextLoader
2016-11-07 08:14:30.379  INFO 11708 --- [    Test worker] o.s.t.c.support.AbstractContextLoader    : Could not detect default resource locations for test class [assignment.controller.DayMovingAverageControllerTest]: no resource found for suffixes {-context.xml, Context.groovy}.
2016-11-07 08:14:30.380  INFO 11708 --- [    Test worker] t.c.s.AnnotationConfigContextLoaderUtils : Could not detect default configuration classes for test class [assignment.controller.DayMovingAverageControllerTest]: DayMovingAverageControllerTest does not declare any static, non-private, non-final, nested classes annotated with @Configuration.
2016-11-07 08:14:30.392  INFO 11708 --- [    Test worker] .b.t.c.SpringBootTestContextBootstrapper : Found @SpringBootConfiguration assignment.Application for test class assignment.controller.DayMovingAverageControllerTest
2016-11-07 08:14:30.397  INFO 11708 --- [    Test worker] .b.t.c.SpringBootTestContextBootstrapper : Loaded default TestExecutionListener class names from location [META-INF/spring.factories]: [org.springframework.boot.test.mock.mockito.MockitoTestExecutionListener, org.springframework.boot.test.mock.mockito.ResetMocksTestExecutionListener, org.springframework.boot.test.autoconfigure.restdocs.RestDocsTestExecutionListener, org.springframework.boot.test.autoconfigure.web.client.MockRestServiceServerResetTestExecutionListener, org.springframework.boot.test.autoconfigure.web.servlet.MockMvcPrintOnlyOnFailureTestExecutionListener, org.springframework.boot.test.autoconfigure.web.servlet.WebDriverTestExecutionListener, org.springframework.test.context.web.ServletTestExecutionListener, org.springframework.test.context.support.DirtiesContextBeforeModesTestExecutionListener, org.springframework.test.context.support.DependencyInjectionTestExecutionListener, org.springframework.test.context.support.DirtiesContextTestExecutionListener, org.springframework.test.context.transaction.TransactionalTestExecutionListener, org.springframework.test.context.jdbc.SqlScriptsTestExecutionListener]
2016-11-07 08:14:30.401  INFO 11708 --- [    Test worker] .b.t.c.SpringBootTestContextBootstrapper : Could not instantiate TestExecutionListener [org.springframework.test.context.transaction.TransactionalTestExecutionListener]. Specify custom listener classes or make the default listener classes (and their required dependencies) available. Offending class: [org/springframework/transaction/interceptor/TransactionAttributeSource]
2016-11-07 08:14:30.402  INFO 11708 --- [    Test worker] .b.t.c.SpringBootTestContextBootstrapper : Could not instantiate TestExecutionListener [org.springframework.test.context.jdbc.SqlScriptsTestExecutionListener]. Specify custom listener classes or make the default listener classes (and their required dependencies) available. Offending class: [org/springframework/transaction/interceptor/TransactionAttribute]
2016-11-07 08:14:30.403  INFO 11708 --- [    Test worker] .b.t.c.SpringBootTestContextBootstrapper : Using TestExecutionListeners: [org.springframework.test.context.web.ServletTestExecutionListener@14a5e94c, org.springframework.test.context.support.DirtiesContextBeforeModesTestExecutionListener@2b2b4de4, org.springframework.boot.test.autoconfigure.SpringBootDependencyInjectionTestExecutionListener@29d991ac, org.springframework.test.context.support.DirtiesContextTestExecutionListener@61c293ab, org.springframework.boot.test.mock.mockito.MockitoTestExecutionListener@5a96f956, org.springframework.boot.test.autoconfigure.web.client.MockRestServiceServerResetTestExecutionListener@2b23cb8d, org.springframework.boot.test.autoconfigure.restdocs.RestDocsTestExecutionListener@4e926bb4, org.springframework.boot.test.autoconfigure.web.servlet.WebDriverTestExecutionListener@3bb8e606, org.springframework.boot.test.mock.mockito.ResetMocksTestExecutionListener@5689e46e, org.springframework.boot.test.autoconfigure.web.servlet.MockMvcPrintOnlyOnFailureTestExecutionListener@63c32291]

  .   ____          _            __ _ _
 /\\ / ___'_ __ _ _(_)_ __  __ _ \ \ \ \
( ( )\___ | '_ | '_| | '_ \/ _` | \ \ \ \
 \\/  ___)| |_)| | | | | || (_| |  ) ) ) )
  '  |____| .__|_| |_|_| |_\__, | / / / /
 =========|_|==============|___/=/_/_/_/
 :: Spring Boot ::        (v1.4.1.RELEASE)

2016-11-07 08:14:30.487  INFO 11708 --- [    Test worker] a.c.DayMovingAverageControllerTest       : Starting DayMovingAverageControllerTest on xuan-PC with PID 11708 (started by xuan in D:\sentifi\assignment\restapi)
2016-11-07 08:14:30.489  INFO 11708 --- [    Test worker] a.c.DayMovingAverageControllerTest       : No active profile set, falling back to default profiles: default
2016-11-07 08:14:30.494  INFO 11708 --- [    Test worker] o.s.w.c.s.GenericWebApplicationContext   : Refreshing org.springframework.web.context.support.GenericWebApplicationContext@6434e31f: startup date [Mon Nov 07 08:14:30 ICT 2016]; root of context hierarchy
2016-11-07 08:14:31.146  INFO 11708 --- [    Test worker] trationDelegate$BeanPostProcessorChecker : Bean 'org.springframework.cache.annotation.ProxyCachingConfiguration' of type [class org.springframework.cache.annotation.ProxyCachingConfiguration$$EnhancerBySpringCGLIB$$febb023c] is not eligible for getting processed by all BeanPostProcessors (for example: not eligible for auto-proxying)
2016-11-07 08:14:31.158  INFO 11708 --- [    Test worker] trationDelegate$BeanPostProcessorChecker : Bean 'org.springframework.boot.autoconfigure.cache.CacheAutoConfiguration' of type [class org.springframework.boot.autoconfigure.cache.CacheAutoConfiguration$$EnhancerBySpringCGLIB$$f32ec6e0] is not eligible for getting processed by all BeanPostProcessors (for example: not eligible for auto-proxying)
2016-11-07 08:14:31.202  INFO 11708 --- [    Test worker] trationDelegate$BeanPostProcessorChecker : Bean 'spring.cache-org.springframework.boot.autoconfigure.cache.CacheProperties' of type [class org.springframework.boot.autoconfigure.cache.CacheProperties] is not eligible for getting processed by all BeanPostProcessors (for example: not eligible for auto-proxying)
2016-11-07 08:14:31.214  INFO 11708 --- [    Test worker] trationDelegate$BeanPostProcessorChecker : Bean 'org.springframework.boot.autoconfigure.cache.NoOpCacheConfiguration' of type [class org.springframework.boot.autoconfigure.cache.NoOpCacheConfiguration$$EnhancerBySpringCGLIB$$b0a88f91] is not eligible for getting processed by all BeanPostProcessors (for example: not eligible for auto-proxying)
2016-11-07 08:14:31.220  INFO 11708 --- [    Test worker] trationDelegate$BeanPostProcessorChecker : Bean 'cacheManager' of type [class org.springframework.cache.support.NoOpCacheManager] is not eligible for getting processed by all BeanPostProcessors (for example: not eligible for auto-proxying)
2016-11-07 08:14:31.222  INFO 11708 --- [    Test worker] trationDelegate$BeanPostProcessorChecker : Bean 'cacheAutoConfigurationValidator' of type [class org.springframework.boot.autoconfigure.cache.CacheAutoConfiguration$CacheManagerValidator] is not eligible for getting processed by all BeanPostProcessors (for example: not eligible for auto-proxying)
2016-11-07 08:14:31.859  INFO 11708 --- [    Test worker] o.s.b.t.m.w.SpringBootMockServletContext : Initializing Spring FrameworkServlet ''
2016-11-07 08:14:31.862  INFO 11708 --- [    Test worker] o.s.t.web.servlet.TestDispatcherServlet  : FrameworkServlet '': initialization started
2016-11-07 08:14:31.968  INFO 11708 --- [    Test worker] s.w.s.m.m.a.RequestMappingHandlerMapping : Mapped "{[/api/v2/{tickersymbol}/closePrice],methods=[GET],produces=[application/json]}" onto public org.springframework.http.HttpEntity<assignment.controller.response.ClosePriceResponse> assignment.controller.ClosePriceController.getClosePrices(java.lang.String,java.lang.String,java.lang.String)
2016-11-07 08:14:31.970  INFO 11708 --- [    Test worker] s.w.s.m.m.a.RequestMappingHandlerMapping : Mapped "{[/api/v2/200dma],methods=[GET],produces=[application/json]}" onto public org.springframework.http.HttpEntity<assignment.controller.response.DayMovingAverageListResponse> assignment.controller.DayMovingAverageController.getDayMovingAverageList(java.lang.String,java.lang.String)
2016-11-07 08:14:31.972  INFO 11708 --- [    Test worker] s.w.s.m.m.a.RequestMappingHandlerMapping : Mapped "{[/api/v2/{tickersymbol}/200dma],methods=[GET],produces=[application/json]}" onto public org.springframework.http.HttpEntity<assignment.controller.response.DayMovingAverageResponse> assignment.controller.DayMovingAverageController.get200DMA(java.lang.String,java.lang.String)
2016-11-07 08:14:31.974  INFO 11708 --- [    Test worker] s.w.s.m.m.a.RequestMappingHandlerMapping : Mapped "{[/error]}" onto public org.springframework.http.ResponseEntity<java.util.Map<java.lang.String, java.lang.Object>> org.springframework.boot.autoconfigure.web.BasicErrorController.error(javax.servlet.http.HttpServletRequest)
2016-11-07 08:14:31.976  INFO 11708 --- [    Test worker] s.w.s.m.m.a.RequestMappingHandlerMapping : Mapped "{[/error],produces=[text/html]}" onto public org.springframework.web.servlet.ModelAndView org.springframework.boot.autoconfigure.web.BasicErrorController.errorHtml(javax.servlet.http.HttpServletRequest,javax.servlet.http.HttpServletResponse)
2016-11-07 08:14:32.031  INFO 11708 --- [    Test worker] o.s.w.s.handler.SimpleUrlHandlerMapping  : Mapped URL path [/webjars/**] onto handler of type [class org.springframework.web.servlet.resource.ResourceHttpRequestHandler]
2016-11-07 08:14:32.032  INFO 11708 --- [    Test worker] o.s.w.s.handler.SimpleUrlHandlerMapping  : Mapped URL path [/**] onto handler of type [class org.springframework.web.servlet.resource.ResourceHttpRequestHandler]
2016-11-07 08:14:32.067  INFO 11708 --- [    Test worker] o.s.w.s.handler.SimpleUrlHandlerMapping  : Mapped URL path [/**/favicon.ico] onto handler of type [class org.springframework.web.servlet.resource.ResourceHttpRequestHandler]
2016-11-07 08:14:32.137  INFO 11708 --- [    Test worker] s.w.s.m.m.a.RequestMappingHandlerAdapter : Looking for @ControllerAdvice: org.springframework.web.context.support.GenericWebApplicationContext@6434e31f: startup date [Mon Nov 07 08:14:30 ICT 2016]; root of context hierarchy
2016-11-07 08:14:32.242  INFO 11708 --- [    Test worker] o.s.t.web.servlet.TestDispatcherServlet  : FrameworkServlet '': initialization completed in 379 ms
2016-11-07 08:14:32.590  INFO 11708 --- [    Test worker] s.a.ScheduledAnnotationBeanPostProcessor : No TaskScheduler/ScheduledExecutorService bean found for scheduled processing
2016-11-07 08:14:32.595 DEBUG 11708 --- [pool-2-thread-1] assignment.datasource.CacheMonitor       : cache monitor started.2016-11-07T08:14:32.595
2016-11-07 08:14:32.597 ERROR 11708 --- [pool-2-thread-1] assignment.datasource.CacheMonitor       : Error while refreshing cache.

java.lang.NullPointerException: null
	at assignment.datasource.CacheMonitor.run(CacheMonitor.java:48)
	at sun.reflect.NativeMethodAccessorImpl.invoke0(Native Method)
	at sun.reflect.NativeMethodAccessorImpl.invoke(NativeMethodAccessorImpl.java:62)
	at sun.reflect.DelegatingMethodAccessorImpl.invoke(DelegatingMethodAccessorImpl.java:43)
	at java.lang.reflect.Method.invoke(Method.java:498)
	at org.springframework.scheduling.support.ScheduledMethodRunnable.run(ScheduledMethodRunnable.java:65)
	at org.springframework.scheduling.support.DelegatingErrorHandlingRunnable.run(DelegatingErrorHandlingRunnable.java:54)
	at java.util.concurrent.Executors$RunnableAdapter.call(Executors.java:511)
	at java.util.concurrent.FutureTask.runAndReset(FutureTask.java:308)
	at java.util.concurrent.ScheduledThreadPoolExecutor$ScheduledFutureTask.access$301(ScheduledThreadPoolExecutor.java:180)
	at java.util.concurrent.ScheduledThreadPoolExecutor$ScheduledFutureTask.run(ScheduledThreadPoolExecutor.java:294)
	at java.util.concurrent.ThreadPoolExecutor.runWorker(ThreadPoolExecutor.java:1142)
	at java.util.concurrent.ThreadPoolExecutor$Worker.run(ThreadPoolExecutor.java:617)
	at java.lang.Thread.run(Thread.java:745)

2016-11-07 08:14:32.601  INFO 11708 --- [    Test worker] a.c.DayMovingAverageControllerTest       : Started DayMovingAverageControllerTest in 2.186 seconds (JVM running for 9.926)
]]></system-out>
  <system-err><![CDATA[]]></system-err>
</testsuite>
