<?xml version="1.0" encoding="UTF-8"?>
<testsuite name="assignment.service.DayMovingAverageServiceTest" tests="10" skipped="0" failures="0" errors="0" timestamp="2016-11-07T01:14:33" hostname="xuan-PC" time="0.095">
  <properties/>
  <testcase name="testGetDayMovingAverageListWithInvalidTicker" classname="assignment.service.DayMovingAverageServiceTest" time="0.007"/>
  <testcase name="testGetDayMovingAverageList" classname="assignment.service.DayMovingAverageServiceTest" time="0.012"/>
  <testcase name="testGetDayMovingAverageForFirstAvailableStartDate" classname="assignment.service.DayMovingAverageServiceTest" time="0.01"/>
  <testcase name="testGet200dmaWithAvailableDataAndStartDateNoneMatch" classname="assignment.service.DayMovingAverageServiceTest" time="0.003"/>
  <testcase name="testGet200dmaWithNotAvailableData" classname="assignment.service.DayMovingAverageServiceTest" time="0.005"/>
  <testcase name="testGet200dmaWithStartDateOverLastCloseDate" classname="assignment.service.DayMovingAverageServiceTest" time="0.003"/>
  <testcase name="testGetDayMovingAverageForNewAsset" classname="assignment.service.DayMovingAverageServiceTest" time="0.012"/>
  <testcase name="testGetFirstStartDate" classname="assignment.service.DayMovingAverageServiceTest" time="0.017"/>
  <testcase name="testGet200dmaWithAvailableData" classname="assignment.service.DayMovingAverageServiceTest" time="0.004"/>
  <testcase name="testGetFirstStartDateForNewAsset" classname="assignment.service.DayMovingAverageServiceTest" time="0.007"/>
  <system-out><![CDATA[2016-11-07 08:14:33.311 DEBUG 11708 --- [    Test worker] assignment.datasource.DefaultDataSource  : get 200 close prices of INVALID from 2016-01-01
2016-11-07 08:14:33.320 DEBUG 11708 --- [    Test worker] assignment.datasource.DefaultDataSource  : get 200 close prices of FB from 2016-01-01
2016-11-07 08:14:33.322 DEBUG 11708 --- [    Test worker] assignment.datasource.DefaultDataSource  : got prices #assignment.model.Prices@5111a553
2016-11-07 08:14:33.323 DEBUG 11708 --- [    Test worker] assignment.datasource.DefaultDataSource  : get 200 close prices of MSFT from 2016-01-01
2016-11-07 08:14:33.325 DEBUG 11708 --- [    Test worker] assignment.datasource.DefaultDataSource  : got prices #assignment.model.Prices@67e3fa3c
2016-11-07 08:14:33.333 DEBUG 11708 --- [    Test worker] assignment.datasource.DefaultDataSource  : get 200 close prices of FB from 2016-07-21
2016-11-07 08:14:33.334 DEBUG 11708 --- [    Test worker] assignment.datasource.DefaultDataSource  : got prices #assignment.model.Prices@5ba10908
2016-11-07 08:14:33.336 DEBUG 11708 --- [    Test worker] assignment.datasource.DefaultDataSource  : get 200 latest close price of FB
2016-11-07 08:14:33.338 DEBUG 11708 --- [    Test worker] assignment.datasource.DefaultDataSource  : got prices #assignment.model.Prices@7461412
2016-11-07 08:14:33.343 DEBUG 11708 --- [    Test worker] assignment.datasource.DefaultDataSource  : get 200 close prices of FB from 2016-01-02
2016-11-07 08:14:33.343 DEBUG 11708 --- [    Test worker] assignment.datasource.DefaultDataSource  : got prices #assignment.model.Prices@2e3a0011
2016-11-07 08:14:33.347 DEBUG 11708 --- [    Test worker] assignment.datasource.DefaultDataSource  : get 200 close prices of FB from 2016-07-21
2016-11-07 08:14:33.347 DEBUG 11708 --- [    Test worker] assignment.datasource.DefaultDataSource  : got prices #assignment.model.Prices@4ad1d8a1
2016-11-07 08:14:33.353 DEBUG 11708 --- [    Test worker] assignment.datasource.DefaultDataSource  : get 200 close prices of FB from 2017-08-22
2016-11-07 08:14:33.354 DEBUG 11708 --- [    Test worker] assignment.datasource.DefaultDataSource  : got prices #assignment.model.Prices@2a615fe6
2016-11-07 08:14:33.361 DEBUG 11708 --- [    Test worker] assignment.datasource.DefaultDataSource  : get 200 close prices of NEW from 2016-11-07
2016-11-07 08:14:33.362 DEBUG 11708 --- [    Test worker] assignment.datasource.DefaultDataSource  : got prices #assignment.model.Prices@16653517
2016-11-07 08:14:33.365 DEBUG 11708 --- [    Test worker] assignment.datasource.DefaultDataSource  : get 200 latest close price of NEW
2016-11-07 08:14:33.366 DEBUG 11708 --- [    Test worker] assignment.datasource.DefaultDataSource  : got prices #assignment.model.Prices@6d04021f
2016-11-07 08:14:33.375 DEBUG 11708 --- [    Test worker] assignment.datasource.DefaultDataSource  : get 200 latest close price of FB
2016-11-07 08:14:33.388 DEBUG 11708 --- [    Test worker] assignment.datasource.DefaultDataSource  : got prices #assignment.model.Prices@302be0ca
2016-11-07 08:14:33.391 DEBUG 11708 --- [    Test worker] assignment.datasource.DefaultDataSource  : get 200 close prices of FB from 2016-01-01
2016-11-07 08:14:33.392 DEBUG 11708 --- [    Test worker] assignment.datasource.DefaultDataSource  : got prices #assignment.model.Prices@4280595b
2016-11-07 08:14:33.395 DEBUG 11708 --- [    Test worker] assignment.datasource.DefaultDataSource  : get 200 latest close price of NEW
2016-11-07 08:14:33.400 DEBUG 11708 --- [    Test worker] assignment.datasource.DefaultDataSource  : got prices #assignment.model.Prices@37135213
]]></system-out>
  <system-err><![CDATA[]]></system-err>
</testsuite>
