<?xml version="1.0" encoding="UTF-8"?>
<testsuite name="assignment.datasource.QuandlDataHolderTest" tests="4" skipped="0" failures="0" errors="0" timestamp="2016-11-07T01:14:32" hostname="xuan-PC" time="0.385">
  <properties/>
  <testcase name="testGetDateSetWithInvalidTicker" classname="assignment.datasource.QuandlDataHolderTest" time="0.323"/>
  <testcase name="testRefreshDataSetNonMatchEtag" classname="assignment.datasource.QuandlDataHolderTest" time="0.022"/>
  <testcase name="testRefreshDataSetMatchEtag" classname="assignment.datasource.QuandlDataHolderTest" time="0.02"/>
  <testcase name="testGetDataSetNormally" classname="assignment.datasource.QuandlDataHolderTest" time="0.018"/>
  <system-out><![CDATA[2016-11-07 08:14:32.893 DEBUG 11708 --- [    Test worker] a.datasource.quandl.QuandlDataHolder     : Getting dataset INVALID with etag null
2016-11-07 08:14:33.207 DEBUG 11708 --- [    Test worker] a.datasource.quandl.QuandlDataHolder     : Getting dataset FB with etag W/"620779fe7c51b507e53324df535dcf96"
2016-11-07 08:14:33.225 DEBUG 11708 --- [    Test worker] a.datasource.quandl.QuandlDataHolder     : Getting dataset FB with etag W/"620779fe7c51b507e53324df535dcf96"
2016-11-07 08:14:33.236 DEBUG 11708 --- [    Test worker] a.datasource.quandl.QuandlDataHolder     : dataset has not changed.
2016-11-07 08:14:33.249 DEBUG 11708 --- [    Test worker] a.datasource.quandl.QuandlDataHolder     : Getting dataset FB with etag null
]]></system-out>
  <system-err><![CDATA[]]></system-err>
</testsuite>
